2014.06.05 16:41 B D:\ses_ipsr\sesweb\woodenwall\home\site\images\button-tail.gif --> sesmgu.org /sesmgu/woodenwall/home/site/images button-tail.gif
2014.06.05 16:41 B D:\ses_ipsr\sesweb\woodenwall\home\site\images\carousel-next.png --> sesmgu.org /sesmgu/woodenwall/home/site/images carousel-next.png
2014.06.05 16:41 B D:\ses_ipsr\sesweb\woodenwall\home\site\images\carousel-prev.png --> sesmgu.org /sesmgu/woodenwall/home/site/images carousel-prev.png
2014.06.05 16:41 B D:\ses_ipsr\sesweb\woodenwall\home\site\images\content-tail.gif --> sesmgu.org /sesmgu/woodenwall/home/site/images content-tail.gif
2014.06.05 16:41 B D:\ses_ipsr\sesweb\woodenwall\home\site\images\down.jpg --> sesmgu.org /sesmgu/woodenwall/home/site/images down.jpg
2014.06.05 16:41 B D:\ses_ipsr\sesweb\woodenwall\home\site\images\dsa.jpg --> sesmgu.org /sesmgu/woodenwall/home/site/images dsa.jpg
2014.06.05 16:41 B D:\ses_ipsr\sesweb\woodenwall\home\site\images\earth.gif --> sesmgu.org /sesmgu/woodenwall/home/site/images earth.gif
2014.06.05 16:41 B D:\ses_ipsr\sesweb\woodenwall\home\site\images\enter.gif --> sesmgu.org /sesmgu/woodenwall/home/site/images enter.gif
2014.06.05 16:41 B D:\ses_ipsr\sesweb\woodenwall\home\site\images\flash.gif --> sesmgu.org /sesmgu/woodenwall/home/site/images flash.gif
2014.06.05 16:41 B D:\ses_ipsr\sesweb\woodenwall\home\site\images\flash1.GIF --> sesmgu.org /sesmgu/woodenwall/home/site/images flash1.GIF
2014.06.05 16:41 B D:\ses_ipsr\sesweb\woodenwall\home\site\images\globe.gif --> sesmgu.org /sesmgu/woodenwall/home/site/images globe.gif
2014.06.05 16:42 B D:\ses_ipsr\sesweb\woodenwall\home\site\images\h.jpg --> sesmgu.org /sesmgu/woodenwall/home/site/images h.jpg
2014.06.05 16:42 B D:\ses_ipsr\sesweb\woodenwall\home\site\images\hostel1.jpg --> sesmgu.org /sesmgu/woodenwall/home/site/images hostel1.jpg
2014.06.05 16:42 B D:\ses_ipsr\sesweb\woodenwall\home\site\images\imagehs.jpg --> sesmgu.org /sesmgu/woodenwall/home/site/images imagehs.jpg
2014.06.05 16:42 B D:\ses_ipsr\sesweb\woodenwall\home\site\images\images.jpg --> sesmgu.org /sesmgu/woodenwall/home/site/images images.jpg
2014.06.05 16:42 B D:\ses_ipsr\sesweb\woodenwall\home\site\images\imagesb.jpg --> sesmgu.org /sesmgu/woodenwall/home/site/images imagesb.jpg
2014.06.05 16:42 B D:\ses_ipsr\sesweb\woodenwall\home\site\images\img-border.png --> sesmgu.org /sesmgu/woodenwall/home/site/images img-border.png
2014.06.05 16:42 B D:\ses_ipsr\sesweb\woodenwall\home\site\images\img-border2.jpg --> sesmgu.org /sesmgu/woodenwall/home/site/images img-border2.jpg
2014.06.05 16:42 B D:\ses_ipsr\sesweb\woodenwall\home\site\images\index.jpg --> sesmgu.org /sesmgu/woodenwall/home/site/images index.jpg
2014.06.05 16:42 B D:\ses_ipsr\sesweb\woodenwall\home\site\images\logo.png --> sesmgu.org /sesmgu/woodenwall/home/site/images logo.png
2014.06.05 16:42 B D:\ses_ipsr\sesweb\woodenwall\home\site\images\marker-1.gif --> sesmgu.org /sesmgu/woodenwall/home/site/images marker-1.gif
2014.06.05 16:42 B D:\ses_ipsr\sesweb\woodenwall\home\site\images\marker-2.gif --> sesmgu.org /sesmgu/woodenwall/home/site/images marker-2.gif
2014.06.05 16:42 B D:\ses_ipsr\sesweb\woodenwall\home\site\images\menu-row.gif --> sesmgu.org /sesmgu/woodenwall/home/site/images menu-row.gif
2014.06.05 16:42 B D:\ses_ipsr\sesweb\woodenwall\home\site\images\new.gif --> sesmgu.org /sesmgu/woodenwall/home/site/images new.gif
2014.06.05 16:42 B D:\ses_ipsr\sesweb\woodenwall\home\site\images\new1.gif --> sesmgu.org /sesmgu/woodenwall/home/site/images new1.gif
2014.06.05 16:42 B D:\ses_ipsr\sesweb\woodenwall\home\site\images\page1-img1.png --> sesmgu.org /sesmgu/woodenwall/home/site/images page1-img1.png
2014.06.05 16:42 B D:\ses_ipsr\sesweb\woodenwall\home\site\images\page3-img6.jpg --> sesmgu.org /sesmgu/woodenwall/home/site/images page3-img6.jpg
2014.06.05 16:42 B D:\ses_ipsr\sesweb\woodenwall\home\site\images\page4-img1.jpg --> sesmgu.org /sesmgu/woodenwall/home/site/images page4-img1.jpg
2014.06.05 16:42 B D:\ses_ipsr\sesweb\woodenwall\home\site\images\page4-img2.jpg --> sesmgu.org /sesmgu/woodenwall/home/site/images page4-img2.jpg
2014.06.05 16:42 B D:\ses_ipsr\sesweb\woodenwall\home\site\images\page4-img3.jpg --> sesmgu.org /sesmgu/woodenwall/home/site/images page4-img3.jpg
2014.06.05 16:42 B D:\ses_ipsr\sesweb\woodenwall\home\site\images\page4-img4.jpg --> sesmgu.org /sesmgu/woodenwall/home/site/images page4-img4.jpg
2014.06.05 16:42 B D:\ses_ipsr\sesweb\woodenwall\home\site\images\page4-img5.jpg --> sesmgu.org /sesmgu/woodenwall/home/site/images page4-img5.jpg
2014.06.05 16:42 B D:\ses_ipsr\sesweb\woodenwall\home\site\images\page4-img6.jpg --> sesmgu.org /sesmgu/woodenwall/home/site/images page4-img6.jpg
2014.06.05 16:42 B D:\ses_ipsr\sesweb\woodenwall\home\site\images\page4-img7.jpg --> sesmgu.org /sesmgu/woodenwall/home/site/images page4-img7.jpg
2014.06.05 16:43 B D:\ses_ipsr\sesweb\woodenwall\home\site\images\page4-img8.jpg --> sesmgu.org /sesmgu/woodenwall/home/site/images page4-img8.jpg
2014.06.05 16:43 B D:\ses_ipsr\sesweb\woodenwall\home\site\images\pic-1.gif --> sesmgu.org /sesmgu/woodenwall/home/site/images pic-1.gif
2014.06.05 16:43 B D:\ses_ipsr\sesweb\woodenwall\home\site\images\pic-2.gif --> sesmgu.org /sesmgu/woodenwall/home/site/images pic-2.gif
2014.06.05 16:43 B D:\ses_ipsr\sesweb\woodenwall\home\site\images\row-bot-bg.jpg --> sesmgu.org /sesmgu/woodenwall/home/site/images row-bot-bg.jpg
2014.06.05 16:43 B D:\ses_ipsr\sesweb\woodenwall\home\site\images\row-bot-tail.gif --> sesmgu.org /sesmgu/woodenwall/home/site/images row-bot-tail.gif
2014.06.05 16:43 B D:\ses_ipsr\sesweb\woodenwall\home\site\images\slider-bg.png --> sesmgu.org /sesmgu/woodenwall/home/site/images slider-bg.png
2014.06.05 16:43 B D:\ses_ipsr\sesweb\woodenwall\home\site\images\slider-img1.jpg --> sesmgu.org /sesmgu/woodenwall/home/site/images slider-img1.jpg
2014.06.05 16:43 B D:\ses_ipsr\sesweb\woodenwall\home\site\images\slider-img2.jpg --> sesmgu.org /sesmgu/woodenwall/home/site/images slider-img2.jpg
2014.06.05 16:43 B D:\ses_ipsr\sesweb\woodenwall\home\site\images\slider-img3.jpg --> sesmgu.org /sesmgu/woodenwall/home/site/images slider-img3.jpg
2014.06.05 16:43 B D:\ses_ipsr\sesweb\woodenwall\home\site\images\slider-img4.jpg --> sesmgu.org /sesmgu/woodenwall/home/site/images slider-img4.jpg
2014.06.05 16:43 B D:\ses_ipsr\sesweb\woodenwall\home\site\images\thumb-1.jpg --> sesmgu.org /sesmgu/woodenwall/home/site/images thumb-1.jpg
2014.06.05 16:43 B D:\ses_ipsr\sesweb\woodenwall\home\site\images\thumb-2.jpg --> sesmgu.org /sesmgu/woodenwall/home/site/images thumb-2.jpg
2014.06.05 16:43 B D:\ses_ipsr\sesweb\woodenwall\home\site\images\thumb-3.jpg --> sesmgu.org /sesmgu/woodenwall/home/site/images thumb-3.jpg
2014.06.05 16:43 B D:\ses_ipsr\sesweb\woodenwall\home\site\images\thumb-4.jpg --> sesmgu.org /sesmgu/woodenwall/home/site/images thumb-4.jpg
2014.06.05 16:43 B D:\ses_ipsr\sesweb\woodenwall\home\site\images\thumb-5.jpg --> sesmgu.org /sesmgu/woodenwall/home/site/images thumb-5.jpg
2014.06.05 16:43 B D:\ses_ipsr\sesweb\woodenwall\home\site\images\thumb-6.jpg --> sesmgu.org /sesmgu/woodenwall/home/site/images thumb-6.jpg
2014.06.05 16:43 B D:\ses_ipsr\sesweb\woodenwall\home\site\images\thumb-7.jpg --> sesmgu.org /sesmgu/woodenwall/home/site/images thumb-7.jpg
2014.06.05 16:43 B D:\ses_ipsr\sesweb\woodenwall\home\site\images\thumb-8.jpg --> sesmgu.org /sesmgu/woodenwall/home/site/images thumb-8.jpg
2014.06.05 16:43 B D:\ses_ipsr\sesweb\woodenwall\home\site\images\welcome.gif --> sesmgu.org /sesmgu/woodenwall/home/site/images welcome.gif
